*** Using Compiler 'V6.16', folder: 'C:\Keil_V5\ARM\ARMCLANG\Bin'
Rebuild target 'Target 1'
compiling constants.cc...
compiling sine_model_quantized_model_data.cc...
compiling integral.c...
compiling micro_log.cc...
compiling main.cc...
compiling debug_log.cc...
compiling error_reporter.cc...
compiling quantization_util.cc...
compiling micro_op_resolver.cc...
compiling schema_utils.cc...
compiling dequantize.cc...
compiling micro_interpreter_context.cc...
compiling micro_interpreter_graph.cc...
compiling fully_connected_common.cc...
compiling quantize.cc...
compiling micro_interpreter.cc...
compiling fully_connected.cc...
compiling main_functions.cc...
compiling common.cc...
compiling portable_tensor_utils.cc...
compiling common_internal.cc...
compiling flatbuffer_conversions.cc...
compiling linear_memory_planner.cc...
compiling greedy_memory_planner.cc...
compiling flatbuffer_utils.cc...
compiling micro_allocator.cc...
compiling kernel_util.cc...
compiling tensor_ctypes.cc...
compiling micro_error_reporter.cc...
compiling flatbuffer_conversions_bridge.cc...
compiling micro_context.cc...
compiling nrfx_uart.c...
compiling nrfx_uarte.c...
compiling memory_helpers.cc...
compiling micro_resource_variable.cc...
compiling nrf_drv_uart.c...
compiling nrfx_prs.c...
compiling dequantize_common.cc...
compiling app_error.c...
compiling led.c...
compiling quantize_common.cc...
compiling app_error_weak.c...
compiling micro_kernel_util.cc...
compiling app_util_platform.c...
compiling nrf_strerror.c...
compiling nrf_assert.c...
compiling app_fifo.c...
compiling retarget.c...
compiling boards.c...
compiling app_uart_fifo.c...
assembling cr4_fft_64_stm32.s...
assembling cr4_fft_256_stm32.s...
compiling FFT_instance.c...
assembling cr4_fft_1024_stm32.s...
compiling BasicMathFunctions.c...
compiling BayesFunctions.c...
compiling BasicMathFunctionsF16.c...
compiling non_persistent_arena_buffer_allocator.cc...
compiling persistent_arena_buffer_allocator.cc...
compiling single_arena_buffer_allocator.cc...
compiling micro_allocation_info.cc...
compiling ComplexMathFunctions.c...
compiling BayesFunctionsF16.c...
compiling CommonTablesF16.c...
compiling ComplexMathFunctionsF16.c...
compiling DistanceFunctions.c...
compiling FastMathFunctionsF16.c...
compiling FilteringFunctionsF16.c...
compiling InterpolationFunctions.c...
compiling FastMathFunctions.c...
compiling ControllerFunctions.c...
compiling DistanceFunctionsF16.c...
compiling micro_utils.cc...
compiling InterpolationFunctionsF16.c...
compiling fcm_method.cc...
compiling SVMFunctions.c...
compiling SVMFunctionsF16.c...
compiling StatisticsFunctionsF16.c...
compiling SupportFunctionsF16.c...
compiling QuaternionMathFunctions.c...
compiling FilteringFunctions.c...
compiling MatrixFunctionsF16.c...
compiling StatisticsFunctions.c...
compiling SupportFunctions.c...
compiling MatrixFunctions.c...
compiling CommonTables.c...
compiling TransformFunctionsF16.c...
compiling retarget_io.c...
compiling system_nrf52.c...
assembling arm_startup_nrf52840.s...
compiling TransformFunctions.c...
linking...
Program Size: Code=115712 RO-data=129412 RW-data=16472 ZI-data=225192  
FromELF: creating hex file...
".\Objects\main.axf" - 0 Error(s), 0 Warning(s).
Build Time Elapsed:  00:00:11
